<?xml version="1.0" encoding="UTF-8"?>
<!-- Generated by org.testng.reporters.JUnitReportReporter -->
<testsuite skipped="0" hostname="LAPTOP-60J9Q0D7" name="fbproject.LaunchBrowserWD" tests="1" failures="0" timestamp="2020-08-10T11:44:56 IST" time="7.432" errors="0">
  <testcase name="browserLaunch" time="7.432" classname="fbproject.LaunchBrowserWD"/>
  <system-out/>
</testsuite> <!-- fbproject.LaunchBrowserWD -->
