<?xml version="1.0" encoding="UTF-8"?>
<!-- Generated by org.testng.reporters.JUnitReportReporter -->
<testsuite skipped="0" hostname="LAPTOP-60J9Q0D7" name="fbproject.LaunchBrowserWD" tests="1" failures="0" timestamp="2020-08-11T14:36:41 IST" time="8.482" errors="0">
  <testcase name="browserLaunch" time="8.482" classname="fbproject.LaunchBrowserWD"/>
  <system-out/>
</testsuite> <!-- fbproject.LaunchBrowserWD -->
